DBInfo: 192.168.8.103:3306:analysechecklibdb
CAnalyseServer::Connect MySQL Success!
---------------
Lib [440301000001] Init...
CLibInfo::Connect MySQL Success!
CFeatureManage::Lib[440301000001] Search Thread Begin.
Checkpoint[440301000001] Record Total: 126110.
--CFeatureSearchThread::Create Thread.
---Success: Add Checkpoint[440301000001] Feature End, Num: 126110
Time[2017-02-10 15:02:45  2017-06-19 09:35:26]
##Pub [440301000001] success
##Pub [allcheckpoints] success
Redis address: 192.168.8.102:6379
connect Redis[192.168.8.102:6379] success!
--Pub Status Thread Start.
---------------Lib [440301000001] Init End.
---------------
Lib [440301000002] Init...
CLibInfo::Connect MySQL Success!
CFeatureManage::Lib[440301000002] Search Thread Begin.
Checkpoint[440301000002] Record Total: 143812.
--CFeatureSearchThread::Create Thread.
---Success: Add Checkpoint[440301000002] Feature End, Num: 143812
Time[2017-02-10 15:01:17  2017-06-19 09:33:44]
##Pub [440301000002] success
##Pub [allcheckpoints] success
Redis address: 192.168.8.102:6379
connect Redis[192.168.8.102:6379] success!
--Pub Status Thread Start.
---------------Lib [440301000002] Init End.
---------------
Lib [440301000003] Init...
CLibInfo::Connect MySQL Success!
CFeatureManage::Lib[440301000003] Search Thread Begin.
[440301000001]2017-02-10 00:00:00 776
[440301000001]2017-02-11 00:00:00 1575
[440301000001]2017-02-12 00:00:00 1686
[440301000001]2017-02-13 00:00:00 1196
[440301000001]2017-02-17 00:00:00 1073
[440301000001]2017-02-18 00:00:00 2001
[440301000001]2017-02-19 00:00:00 993
[440301000001]2017-02-20 00:00:00 1735
[440301000001]2017-02-21 00:00:00 1318
[440301000001]2017-02-22 00:00:00 396
[440301000001]2017-02-23 00:00:00 834
[440301000001]2017-02-24 00:00:00 1430
[440301000001]2017-02-25 00:00:00 1630
[440301000001]2017-02-26 00:00:00 2231
[440301000001]2017-02-27 00:00:00 1194
[440301000001]2017-02-28 00:00:00 1620
[440301000001]2017-03-01 00:00:00 2295
[440301000001]2017-03-02 00:00:00 1990
[440301000001]2017-03-03 00:00:00 2133
[440301000001]2017-03-04 00:00:00 3649
[440301000001]2017-03-05 00:00:00 1892
[440301000001]2017-03-06 00:00:00 2466
[440301000001]2017-03-07 00:00:00 2547
[440301000001]2017-03-08 00:00:00 1920
[440301000001]2017-03-09 00:00:00 2285
[440301000001]2017-03-10 00:00:00 1888
[440301000001]2017-03-11 00:00:00 2255
[440301000001]2017-03-12 00:00:00 2604
[440301000001]2017-03-22 00:00:00 253
[440301000001]2017-03-23 00:00:00 1336
[440301000001]2017-03-24 00:00:00 2091
[440301000001]2017-03-25 00:00:00 1536
[440301000001]2017-03-26 00:00:00 1815
[440301000001]2017-03-27 00:00:00 1709
[440301000001]2017-03-28 00:00:00 1868
[440301000001]2017-03-29 00:00:00 1857
[440301000001]2017-03-30 00:00:00 1504
[440301000001]2017-03-31 00:00:00 562
[440301000001]2017-04-01 00:00:00 2282
[440301000001]2017-04-02 00:00:00 2509
[440301000001]2017-04-03 00:00:00 2794
[440301000001]2017-04-04 00:00:00 2433
[440301000001]2017-04-05 00:00:00 1742
[440301000001]2017-04-06 00:00:00 1412
[440301000001]2017-04-07 00:00:00 643
[440301000001]2017-04-08 00:00:00 1431
[440301000001]2017-04-09 00:00:00 1797
[440301000001]2017-04-10 00:00:00 1520
[440301000001]2017-04-11 00:00:00 1122
[440301000001]2017-04-12 00:00:00 44
[440301000001]2017-04-15 00:00:00 1069
[440301000001]2017-04-16 00:00:00 430
[440301000001]2017-04-17 00:00:00 349
[440301000001]2017-04-18 00:00:00 994
[440301000001]2017-04-19 00:00:00 828
[440301000001]2017-04-20 00:00:00 113
[440301000001]2017-04-25 00:00:00 75
[440301000001]2017-04-26 00:00:00 47
[440301000001]2017-04-27 00:00:00 94
[440301000001]2017-04-28 00:00:00 1050
[440301000001]2017-04-29 00:00:00 744
[440301000001]2017-05-02 00:00:00 826
[440301000001]2017-05-03 00:00:00 853
[440301000001]2017-05-09 00:00:00 1063
[440301000001]2017-05-10 00:00:00 1170
[440301000001]2017-05-11 00:00:00 1246
[440301000001]2017-05-12 00:00:00 1280
[440301000001]2017-05-13 00:00:00 648
[440301000001]2017-05-14 00:00:00 1109
[440301000001]2017-05-15 00:00:00 558
[440301000001]2017-05-16 00:00:00 1239
[440301000001]2017-05-17 00:00:00 1167
[440301000001]2017-05-18 00:00:00 508
[440301000001]2017-05-19 00:00:00 241
[440301000001]2017-05-20 00:00:00 626
[440301000001]2017-05-21 00:00:00 1177
[440301000001]2017-05-22 00:00:00 445
[440301000001]2017-05-25 00:00:00 349
[440301000001]2017-05-26 00:00:00 477
[440301000001]2017-05-27 00:00:00 772
[440301000001]2017-05-28 00:00:00 786
[440301000001]2017-05-29 00:00:00 629
[440301000001]2017-05-30 00:00:00 1314
[440301000001]2017-05-31 00:00:00 1136
[440301000001]2017-06-01 00:00:00 1313
[440301000001]2017-06-02 00:00:00 1141
[440301000001]2017-06-03 00:00:00 1107
[440301000001]2017-06-04 00:00:00 96
[440301000001]2017-06-06 00:00:00 1118
[440301000001]2017-06-07 00:00:00 1145
[440301000001]2017-06-08 00:00:00 1242
[440301000001]2017-06-09 00:00:00 1319
[440301000001]2017-06-10 00:00:00 1398
[440301000001]2017-06-11 00:00:00 1272
[440301000001]2017-06-12 00:00:00 443
[440301000001]2017-06-13 00:00:00 669
[440301000001]2017-06-14 00:00:00 846
[440301000001]2017-06-15 00:00:00 1339
[440301000001]2017-06-16 00:00:00 1049
[440301000001]2017-06-17 00:00:00 230
[440301000001]2017-06-18 00:00:00 1036
[440301000001]2017-06-19 00:00:00 63
Checkpoint[440301000003] Record Total: 729829.
--CFeatureSearchThread::Create Thread.
[440301000002]2017-02-10 00:00:00 666
[440301000002]2017-02-11 00:00:00 1662
[440301000002]2017-02-12 00:00:00 1570
[440301000002]2017-02-13 00:00:00 1175
[440301000002]2017-02-17 00:00:00 972
[440301000002]2017-02-18 00:00:00 1840
[440301000002]2017-02-19 00:00:00 1082
[440301000002]2017-02-20 00:00:00 1326
[440301000002]2017-02-21 00:00:00 1187
[440301000002]2017-02-22 00:00:00 357
[440301000002]2017-02-23 00:00:00 660
[440301000002]2017-02-24 00:00:00 1325
[440301000002]2017-02-25 00:00:00 1231
[440301000002]2017-02-26 00:00:00 1677
[440301000002]2017-02-27 00:00:00 1092
[440301000002]2017-02-28 00:00:00 1228
[440301000002]2017-03-01 00:00:00 1557
[440301000002]2017-03-02 00:00:00 1340
[440301000002]2017-03-03 00:00:00 1557
[440301000002]2017-03-04 00:00:00 1934
[440301000002]2017-03-05 00:00:00 1266
[440301000002]2017-03-06 00:00:00 1680
[440301000002]2017-03-07 00:00:00 1665
[440301000002]2017-03-08 00:00:00 1127
[440301000002]2017-03-09 00:00:00 1511
[440301000002]2017-03-10 00:00:00 1529
[440301000002]2017-03-11 00:00:00 1718
[440301000002]2017-03-12 00:00:00 1916
[440301000002]2017-03-13 00:00:00 1789
[440301000002]2017-03-14 00:00:00 1439
[440301000002]2017-03-15 00:00:00 1662
[440301000002]2017-03-16 00:00:00 1891
[440301000002]2017-03-17 00:00:00 1788
[440301000002]2017-03-18 00:00:00 1624
[440301000002]2017-03-19 00:00:00 747
[440301000002]2017-03-20 00:00:00 1595
[440301000002]2017-03-21 00:00:00 1625
[440301000002]2017-03-22 00:00:00 445
[440301000002]2017-03-23 00:00:00 786
[440301000002]2017-03-24 00:00:00 1844
[440301000002]2017-03-25 00:00:00 2027
[440301000002]2017-03-26 00:00:00 1486
[440301000002]2017-03-27 00:00:00 1568
[440301000002]2017-03-28 00:00:00 1651
[440301000002]2017-03-29 00:00:00 1668
[440301000002]2017-03-30 00:00:00 1755
[440301000002]2017-03-31 00:00:00 792
[440301000002]2017-04-01 00:00:00 1724
[440301000002]2017-04-02 00:00:00 1895
[440301000002]2017-04-03 00:00:00 2084
[440301000002]2017-04-04 00:00:00 1133
[440301000002]2017-04-06 00:00:00 747
[440301000002]2017-04-07 00:00:00 1021
[440301000002]2017-04-08 00:00:00 1353
[440301000002]2017-04-09 00:00:00 1675
[440301000002]2017-04-10 00:00:00 1730
[440301000002]2017-04-11 00:00:00 1224
[440301000002]2017-04-12 00:00:00 87
[440301000002]2017-04-15 00:00:00 954
[440301000002]2017-04-16 00:00:00 703
[440301000002]2017-04-17 00:00:00 346
[440301000002]2017-04-18 00:00:00 1438
[440301000002]2017-04-19 00:00:00 971
[440301000002]2017-04-20 00:00:00 254
[440301000002]2017-04-25 00:00:00 450
[440301000002]2017-04-26 00:00:00 422
[440301000002]2017-04-27 00:00:00 129
[440301000002]2017-04-28 00:00:00 1445
[440301000002]2017-04-29 00:00:00 886
[440301000002]2017-05-02 00:00:00 896
[440301000002]2017-05-03 00:00:00 1159
[440301000002]2017-05-09 00:00:00 1572
[440301000002]2017-05-10 00:00:00 1593
[440301000002]2017-05-11 00:00:00 1683
[440301000002]